============================= test session starts =============================
platform win32 -- Python 3.13.9, pytest-8.3.4, pluggy-1.6.0 -- C:\Users\maksi\AppData\Local\Programs\Python\Python313\python.exe
cachedir: .pytest_cache
rootdir: C:\Users\maksi\OneDrive\Documents\GitHub\nanoprobe-sim-lab
configfile: pyproject.toml
plugins: anyio-4.9.0, dash-3.0.4, Faker-33.1.0, asyncio-0.24.0, cov-6.0.0, flask-1.3.0, httpx-0.35.0, mock-3.15.1
asyncio: mode=Mode.STRICT, default_loop_scope=None
collecting ... collected 304 items

tests/test_api.py::TestDataValidator::test_validate_audio_data_missing PASSED [  0%]
tests/test_api.py::TestDataValidator::test_validate_audio_data_valid PASSED [  0%]
tests/test_api.py::TestDataValidator::test_validate_audio_data_with_path PASSED [  0%]
tests/test_api.py::TestDataValidator::test_validate_image_data_invalid_filter PASSED [  1%]
tests/test_api.py::TestDataValidator::test_validate_image_data_missing_image PASSED [  1%]
tests/test_api.py::TestDataValidator::test_validate_image_data_valid PASSED [  1%]
tests/test_api.py::TestDataValidator::test_validate_scan_params_invalid_scan_speed PASSED [  2%]
tests/test_api.py::TestDataValidator::test_validate_scan_params_missing_surface_id PASSED [  2%]
tests/test_api.py::TestDataValidator::test_validate_scan_params_valid PASSED [  2%]
tests/test_api.py::TestDataValidator::test_validate_simulation_params_invalid_duration PASSED [  3%]
tests/test_api.py::TestDataValidator::test_validate_simulation_params_invalid_type PASSED [  3%]
tests/test_api.py::TestDataValidator::test_validate_simulation_params_missing_type PASSED [  3%]
tests/test_api.py::TestDataValidator::test_validate_simulation_params_valid PASSED [  4%]
tests/test_api.py::TestDataValidator::test_validate_surface_params_default_values PASSED [  4%]
tests/test_api.py::TestDataValidator::test_validate_surface_params_invalid_height PASSED [  4%]
tests/test_api.py::TestDataValidator::test_validate_surface_params_invalid_type PASSED [  5%]
tests/test_api.py::TestDataValidator::test_validate_surface_params_invalid_width PASSED [  5%]
tests/test_api.py::TestDataValidator::test_validate_surface_params_none_data PASSED [  5%]
tests/test_api.py::TestDataValidator::test_validate_surface_params_valid PASSED [  6%]
tests/test_api.py::TestResponseBuilder::test_error_basic PASSED          [  6%]
tests/test_api.py::TestResponseBuilder::test_error_with_code PASSED      [  6%]
tests/test_api.py::TestResponseBuilder::test_error_with_details PASSED   [  7%]
tests/test_api.py::TestResponseBuilder::test_success_basic PASSED        [  7%]
tests/test_api.py::TestResponseBuilder::test_success_with_data PASSED    [  7%]
tests/test_api.py::TestResponseBuilder::test_success_with_message PASSED [  8%]
tests/test_api.py::TestResponseBuilder::test_validation_error PASSED     [  8%]
tests/test_api.py::TestValidationError::test_validation_error_basic PASSED [  8%]
tests/test_api.py::TestValidationError::test_validation_error_with_field PASSED [  9%]
tests/test_backup_manager.py::TestBackupManager::test_create_backup_invalid_name PASSED [  9%]
tests/test_backup_manager.py::TestBackupManager::test_create_backup_none_name PASSED [  9%]
tests/test_backup_manager.py::TestBackupManager::test_delete_backup_nonexistent PASSED [ 10%]
tests/test_backup_manager.py::TestBackupManager::test_list_backups PASSED [ 10%]
tests/test_backup_manager.py::TestBackupManager::test_metadata_initialization PASSED [ 10%]
tests/test_batch_processor.py::TestBatchJob::test_initialization PASSED  [ 11%]
tests/test_batch_processor.py::TestBatchJob::test_progress_callback PASSED [ 11%]
tests/test_batch_processor.py::TestBatchJob::test_progress_percent PASSED [ 11%]
tests/test_batch_processor.py::TestBatchJob::test_success_rate PASSED    [ 12%]
tests/test_batch_processor.py::TestBatchJob::test_to_dict PASSED         [ 12%]
tests/test_batch_processor.py::TestBatchProcessor::test_cancel_job PASSED [ 12%]
tests/test_batch_processor.py::TestBatchProcessor::test_create_job_default_priority PASSED [ 13%]
tests/test_batch_processor.py::TestBatchProcessor::test_create_job_with_priority PASSED [ 13%]
tests/test_batch_processor.py::TestBatchProcessor::test_export_job_report PASSED [ 13%]
tests/test_batch_processor.py::TestBatchProcessor::test_get_all_jobs PASSED [ 14%]
tests/test_batch_processor.py::TestBatchProcessor::test_get_enhanced_report PASSED [ 14%]
tests/test_batch_processor.py::TestBatchProcessor::test_get_job_status PASSED [ 14%]
tests/test_batch_processor.py::TestBatchProcessor::test_get_job_status_not_found PASSED [ 15%]
tests/test_batch_processor.py::TestBatchProcessor::test_get_queue_summary PASSED [ 15%]
tests/test_batch_processor.py::TestBatchProcessor::test_run_all_pending_priority_order PASSED [ 15%]
tests/test_batch_processor.py::TestBatchProcessor::test_run_job_sequential PASSED [ 16%]
tests/test_batch_processor.py::TestBatchProcessor::test_run_job_with_errors PASSED [ 16%]
tests/test_batch_processor.py::TestBatchProcessorIntegration::test_full_batch_workflow PASSED [ 16%]
tests/test_batch_processor.py::TestBatchProcessorIntegration::test_multiple_jobs_with_different_priorities PASSED [ 17%]
tests/test_cache_manager.py::TestCacheManager::test_auto_cleanup PASSED  [ 17%]
tests/test_cache_manager.py::TestCacheManager::test_auto_cleanup_invalid_root PASSED [ 17%]
tests/test_cache_manager.py::TestCacheManager::test_cache_directories PASSED [ 18%]
tests/test_cache_manager.py::TestCacheManager::test_cleanup_cache PASSED [ 18%]
tests/test_cache_manager.py::TestCacheManager::test_get_cache_statistics PASSED [ 18%]
tests/test_cache_manager.py::TestCacheManager::test_initialization PASSED [ 19%]
tests/test_cache_manager.py::TestCacheManager::test_optimize_memory_usage PASSED [ 19%]
tests/test_cache_manager.py::TestCacheInfo::test_cache_info_creation PASSED [ 19%]
tests/test_config_manager.py::TestConfigManager::test_default_config PASSED [ 20%]
tests/test_config_manager.py::TestConfigManager::test_get_component_config PASSED [ 20%]
tests/test_config_manager.py::TestConfigManager::test_get_method PASSED  [ 20%]
tests/test_config_manager.py::TestConfigManager::test_initialization PASSED [ 21%]
tests/test_config_manager.py::TestConfigManager::test_load_config PASSED [ 21%]
tests/test_config_manager.py::TestConfigManager::test_set_method PASSED  [ 21%]
tests/test_config_manager.py::TestConfigManager::test_update_component_config PASSED [ 22%]
tests/test_config_manager.py::TestConfigManager::test_validate_config PASSED [ 22%]
tests/test_config_manager.py::TestConfigManagerMissingFile::test_missing_config_file PASSED [ 22%]
tests/test_data_exporter.py::TestDataExporter::test_export_csv PASSED    [ 23%]
tests/test_data_exporter.py::TestDataExporter::test_export_empty_filename PASSED [ 23%]
tests/test_data_exporter.py::TestDataExporter::test_export_invalid_extension PASSED [ 23%]
tests/test_data_exporter.py::TestDataExporter::test_export_invalid_format PASSED [ 24%]
tests/test_data_exporter.py::TestDataExporter::test_export_json PASSED   [ 24%]
tests/test_data_exporter.py::TestDataExporter::test_export_none_data PASSED [ 24%]
tests/test_data_exporter.py::TestDataExporter::test_export_npy PASSED    [ 25%]
tests/test_data_exporter.py::TestDataExporter::test_export_scan_results_csv PASSED [ 25%]
tests/test_data_exporter.py::TestDataExporter::test_export_scan_results_json PASSED [ 25%]
tests/test_data_exporter.py::TestDataExporter::test_export_surface_data PASSED [ 25%]
tests/test_data_validator.py::TestDataValidator::test_add_validation_rule PASSED [ 26%]
tests/test_data_validator.py::TestDataValidator::test_initialization PASSED [ 26%]
tests/test_data_validator.py::TestDataValidator::test_validate_dataframe_empty_schema PASSED [ 26%]
tests/test_data_validator.py::TestDataValidator::test_validate_dataframe_invalid_input PASSED [ 27%]
tests/test_data_validator.py::TestDataValidator::test_validate_dataframe_missing_columns PASSED [ 27%]
tests/test_data_validator.py::TestDataValidator::test_validate_dataframe_range_check PASSED [ 27%]
tests/test_data_validator.py::TestDataValidator::test_validate_dataframe_range_exception PASSED [ 28%]
tests/test_data_validator.py::TestDataValidator::test_validate_dataframe_valid PASSED [ 28%]
tests/test_data_validator.py::TestDataValidator::test_validate_dataframe_wrong_dtype PASSED [ 28%]
tests/test_data_validator.py::TestDataValidator::test_validate_numeric_field PASSED [ 29%]
tests/test_data_validator.py::TestDataValidator::test_validate_string_field PASSED [ 29%]
tests/test_data_validator.py::TestDataValidator::test_validation_levels PASSED [ 29%]
tests/test_data_validator.py::TestDataValidator::test_validation_result PASSED [ 30%]
tests/test_database.py::TestDatabaseManager::test_add_export PASSED      [ 30%]
tests/test_database.py::TestDatabaseManager::test_add_image PASSED       [ 30%]
tests/test_database.py::TestDatabaseManager::test_add_scan_result PASSED [ 31%]
tests/test_database.py::TestDatabaseManager::test_add_simulation PASSED  [ 31%]
tests/test_database.py::TestDatabaseManager::test_delete_scan PASSED     [ 31%]
tests/test_database.py::TestDatabaseManager::test_export_to_json PASSED  [ 32%]
tests/test_database.py::TestDatabaseManager::test_get_database_singleton PASSED [ 32%]
tests/test_database.py::TestDatabaseManager::test_get_images PASSED      [ 32%]
tests/test_database.py::TestDatabaseManager::test_get_scan_results PASSED [ 33%]
tests/test_database.py::TestDatabaseManager::test_get_scan_results_filtered PASSED [ 33%]
tests/test_database.py::TestDatabaseManager::test_get_simulations PASSED [ 33%]
tests/test_database.py::TestDatabaseManager::test_get_statistics PASSED  [ 34%]
tests/test_database.py::TestDatabaseManager::test_search_scans PASSED    [ 34%]
tests/test_database.py::TestDatabaseManager::test_update_simulation PASSED [ 34%]
tests/test_defect_analyzer.py::TestDefectDetector::test_invalid_model PASSED [ 35%]
tests/test_defect_analyzer.py::TestDefectDetector::test_isolation_forest_detector PASSED [ 35%]
tests/test_defect_analyzer.py::TestDefectDetector::test_kmeans_detector PASSED [ 35%]
tests/test_defect_analyzer.py::TestAdvancedDefectAnalyzer::test_analyze_with_stats PASSED [ 36%]
tests/test_defect_analyzer.py::TestAdvancedDefectAnalyzer::test_combine_detections_non_overlapping PASSED [ 36%]
tests/test_defect_analyzer.py::TestAdvancedDefectAnalyzer::test_combine_detections_overlapping PASSED [ 36%]
tests/test_defect_analyzer.py::TestAdvancedDefectAnalyzer::test_confidence_threshold_filtering PASSED [ 37%]
tests/test_defect_analyzer.py::TestAdvancedDefectAnalyzer::test_ensemble_detect PASSED [ 37%]
tests/test_defect_analyzer.py::TestAdvancedDefectAnalyzer::test_generate_defect_map PASSED [ 37%]
tests/test_defect_analyzer.py::TestAdvancedDefectAnalyzer::test_generate_recommendations_high_severity PASSED [ 38%]
tests/test_defect_analyzer.py::TestAdvancedDefectAnalyzer::test_generate_recommendations_low_severity PASSED [ 38%]
tests/test_defect_analyzer.py::TestAdvancedDefectAnalyzer::test_save_analysis_report PASSED [ 38%]
tests/test_defect_analyzer.py::TestDefectAnalyzerWithImages::test_full_analysis_pipeline PASSED [ 39%]
tests/test_defect_analyzer.py::TestDefectAnalyzerWithImages::test_report_generation PASSED [ 39%]
tests/test_error_handler.py::TestErrorSeverity::test_severity_values PASSED [ 39%]
tests/test_error_handler.py::TestErrorHandler::test_clear_error_history PASSED [ 40%]
tests/test_error_handler.py::TestErrorHandler::test_export_error_report PASSED [ 40%]
tests/test_error_handler.py::TestErrorHandler::test_get_errors_by_component PASSED [ 40%]
tests/test_error_handler.py::TestErrorHandler::test_get_errors_by_severity PASSED [ 41%]
tests/test_error_handler.py::TestErrorHandler::test_get_recent_errors PASSED [ 41%]
tests/test_error_handler.py::TestErrorHandler::test_initialization PASSED [ 41%]
tests/test_error_handler.py::TestErrorHandler::test_log_error PASSED     [ 42%]
tests/test_error_handler.py::TestErrorHandler::test_log_error_without_exception PASSED [ 42%]
tests/test_error_handler.py::TestRecoveryManager::test_create_state_backup PASSED [ 42%]
tests/test_error_handler.py::TestRecoveryManager::test_register_recovery_strategy PASSED [ 43%]
tests/test_error_handler.py::TestRecoveryManager::test_restore_missing_state PASSED [ 43%]
tests/test_error_handler.py::TestRecoveryManager::test_restore_state PASSED [ 43%]
tests/test_error_handler.py::TestSafeExecutor::test_execute_with_retry_failure PASSED [ 44%]
tests/test_error_handler.py::TestSafeExecutor::test_execute_with_retry_success PASSED [ 44%]
tests/test_error_handler.py::TestSafeExecutor::test_execute_with_timeout_expired PASSED [ 44%]
tests/test_error_handler.py::TestSafeExecutor::test_execute_with_timeout_success PASSED [ 45%]
tests/test_image_analyzer.py::TestImageProcessor::test_apply_noise_reduction_bilateral PASSED [ 45%]
tests/test_image_analyzer.py::TestImageProcessor::test_apply_noise_reduction_gaussian PASSED [ 45%]
tests/test_image_analyzer.py::TestImageProcessor::test_apply_noise_reduction_invalid_method PASSED [ 46%]
tests/test_image_analyzer.py::TestImageProcessor::test_apply_noise_reduction_median PASSED [ 46%]
tests/test_image_analyzer.py::TestImageProcessor::test_detect_edges PASSED [ 46%]
tests/test_image_analyzer.py::TestImageProcessor::test_detect_edges_invalid_thresholds PASSED [ 47%]
tests/test_image_analyzer.py::TestImageProcessor::test_initialization PASSED [ 47%]
tests/test_image_analyzer.py::TestImageProcessor::test_load_image PASSED [ 47%]
tests/test_image_analyzer.py::TestImageProcessor::test_load_image_invalid_format PASSED [ 48%]
tests/test_image_analyzer.py::TestImageProcessor::test_load_image_nonexistent_file PASSED [ 48%]
tests/test_image_analyzer.py::TestUtilityFunctions::test_calculate_surface_roughness PASSED [ 48%]
tests/test_image_analyzer.py::TestUtilityFunctions::test_calculate_surface_roughness_empty_image PASSED [ 49%]
tests/test_image_analyzer.py::TestUtilityFunctions::test_calculate_surface_roughness_grayscale PASSED [ 49%]
tests/test_image_analyzer.py::TestUtilityFunctions::test_calculate_surface_roughness_invalid_channels PASSED [ 49%]
tests/test_image_analyzer.py::TestImageProcessorExtended::test_get_histogram PASSED [ 50%]
tests/test_image_analyzer.py::TestImageProcessorExtended::test_get_metadata PASSED [ 50%]
tests/test_image_analyzer.py::TestImageProcessorExtended::test_get_statistics PASSED [ 50%]
tests/test_image_analyzer.py::TestImageProcessorExtended::test_load_image_actual PASSED [ 50%]
tests/test_image_analyzer.py::TestImageProcessorExtended::test_save_image PASSED [ 51%]
tests/test_new_features.py::TestDataExporter::test_export_csv PASSED     [ 51%]
tests/test_new_features.py::TestDataExporter::test_export_json PASSED    [ 51%]
tests/test_new_features.py::TestDataExporter::test_export_npy PASSED     [ 52%]
tests/test_new_features.py::TestDataExporter::test_export_surface_data PASSED [ 52%]
tests/test_new_features.py::TestDataExporter::test_import_json PASSED    [ 52%]
tests/test_new_features.py::TestCLIUtils::test_colorize_function PASSED  [ 53%]
tests/test_new_features.py::TestCLIUtils::test_colors_basic PASSED       [ 53%]
tests/test_new_features.py::TestCLIUtils::test_progress_bar_creation PASSED [ 53%]
tests/test_new_features.py::TestCLIUtils::test_progress_bar_iteration PASSED [ 54%]
tests/test_new_features.py::TestSPMMultiprocessing::test_parallel_scan PASSED [ 54%]
tests/test_new_features.py::TestSPMMultiprocessing::test_scan_data_range PASSED [ 54%]
tests/test_new_features.py::TestSPMMultiprocessing::test_sequential_scan PASSED [ 55%]
tests/test_pdf_report_generator.py::TestPDFReportGenerator::test_batch_report_generation PASSED [ 55%]
tests/test_pdf_report_generator.py::TestPDFReportGenerator::test_batch_statistics_with_errors PASSED [ 55%]
tests/test_pdf_report_generator.py::TestPDFReportGenerator::test_comparison_conclusions_high_similarity PASSED [ 56%]
tests/test_pdf_report_generator.py::TestPDFReportGenerator::test_comparison_conclusions_low_similarity PASSED [ 56%]
tests/test_pdf_report_generator.py::TestPDFReportGenerator::test_comparison_report_generation PASSED [ 56%]
tests/test_pdf_report_generator.py::TestPDFReportGenerator::test_difference_analysis_different PASSED [ 57%]
tests/test_pdf_report_generator.py::TestPDFReportGenerator::test_difference_analysis_identical PASSED [ 57%]
tests/test_pdf_report_generator.py::TestPDFReportGenerator::test_global_generate_pdf_report_batch PASSED [ 57%]
tests/test_pdf_report_generator.py::TestPDFReportGenerator::test_global_generate_pdf_report_comparison PASSED [ 58%]
tests/test_pdf_report_generator.py::TestPDFReportGenerator::test_global_generate_pdf_report_simulation PASSED [ 58%]
tests/test_pdf_report_generator.py::TestPDFReportGenerator::test_invalid_report_type PASSED [ 58%]
tests/test_pdf_report_generator.py::TestPDFReportGenerator::test_simulation_report_generation PASSED [ 59%]
tests/test_sdr_interface.py::TestSDRInterface::test_custom_sample_rate PASSED [ 59%]
tests/test_sdr_interface.py::TestSDRInterface::test_device_type_auto PASSED [ 59%]
tests/test_sdr_interface.py::TestSDRInterface::test_device_type_classic PASSED [ 60%]
tests/test_sdr_interface.py::TestSDRInterface::test_device_type_v4 PASSED [ 60%]
tests/test_sdr_interface.py::TestSDRInterface::test_frequencies PASSED   [ 60%]
tests/test_sdr_interface.py::TestSDRInterface::test_frequency_range_validation PASSED [ 61%]
tests/test_sdr_interface.py::TestSDRInterface::test_initialization PASSED [ 61%]
tests/test_sdr_interface.py::TestSDRInterface::test_list_devices_static PASSED [ 61%]
tests/test_sdr_interface.py::TestSDRInterface::test_metadata_initialization PASSED [ 62%]
tests/test_sdr_interface.py::TestSDRInterface::test_read_samples_before_init PASSED [ 62%]
tests/test_sdr_interface.py::TestSDRInterface::test_recording_state PASSED [ 62%]
tests/test_sdr_interface.py::TestSDRInterface::test_sample_rate_default PASSED [ 63%]
tests/test_sdr_interface.py::TestSDRInterface::test_set_frequency_before_init PASSED [ 63%]
tests/test_sdr_interface.py::TestSDRInterface::test_set_gain_before_init PASSED [ 63%]
tests/test_sdr_interface.py::TestSDRInterface::test_supported_devices PASSED [ 64%]
tests/test_spm_realtime_visualizer.py::TestStreamingDataBuffer::test_add_frame PASSED [ 64%]
tests/test_spm_realtime_visualizer.py::TestStreamingDataBuffer::test_add_frame_with_timestamp PASSED [ 64%]
tests/test_spm_realtime_visualizer.py::TestStreamingDataBuffer::test_buffer_size_limit PASSED [ 65%]
tests/test_spm_realtime_visualizer.py::TestStreamingDataBuffer::test_clear PASSED [ 65%]
tests/test_spm_realtime_visualizer.py::TestStreamingDataBuffer::test_get_fps PASSED [ 65%]
tests/test_spm_realtime_visualizer.py::TestStreamingDataBuffer::test_get_frames PASSED [ 66%]
tests/test_spm_realtime_visualizer.py::TestStreamingDataBuffer::test_get_latest_frame PASSED [ 66%]
tests/test_spm_realtime_visualizer.py::TestStreamingDataBuffer::test_get_stats 